Worker conected to DB:  2025-06-26T15:12:06.768Z
Starting with new group... 2025-06-26T15:12:07.416Z
{ rank: 'all', role: 'top', patch: '15.13.1' } 2025-06-26T15:12:07.416Z
{ rank: 'all', role: 'top', patch: '7' } 2025-06-26T15:12:07.468Z
{ rank: 'all', role: 'jungle', patch: '15.13.1' } 2025-06-26T15:12:07.533Z
{ rank: 'all', role: 'jungle', patch: '7' } 2025-06-26T15:12:07.586Z
{ rank: 'all', role: 'middle', patch: '15.13.1' } 2025-06-26T15:12:07.639Z
{ rank: 'all', role: 'middle', patch: '7' } 2025-06-26T15:12:07.698Z
{ rank: 'all', role: 'bottom', patch: '15.13.1' } 2025-06-26T15:12:07.761Z
{ rank: 'all', role: 'bottom', patch: '7' } 2025-06-26T15:12:07.833Z
{ rank: 'all', role: 'support', patch: '15.13.1' } 2025-06-26T15:12:07.896Z
{ rank: 'all', role: 'support', patch: '7' } 2025-06-26T15:12:07.961Z
{ rank: 'master_plus', role: 'top', patch: '15.13.1' } 2025-06-26T15:12:08.018Z
{ rank: 'master_plus', role: 'top', patch: '7' } 2025-06-26T15:12:08.073Z
{ rank: 'master_plus', role: 'jungle', patch: '15.13.1' } 2025-06-26T15:12:08.136Z
{ rank: 'master_plus', role: 'jungle', patch: '7' } 2025-06-26T15:12:08.200Z
{ rank: 'master_plus', role: 'middle', patch: '15.13.1' } 2025-06-26T15:12:08.264Z
{ rank: 'master_plus', role: 'middle', patch: '7' } 2025-06-26T15:12:08.328Z
{ rank: 'master_plus', role: 'bottom', patch: '15.13.1' } 2025-06-26T15:12:08.392Z
{ rank: 'master_plus', role: 'bottom', patch: '7' } 2025-06-26T15:12:08.456Z
{ rank: 'master_plus', role: 'support', patch: '15.13.1' } 2025-06-26T15:12:08.520Z
{ rank: 'master_plus', role: 'support', patch: '7' } 2025-06-26T15:12:08.585Z
{ rank: 'emerald_plus', role: 'top', patch: '15.13.1' } 2025-06-26T15:12:08.650Z
{ rank: 'emerald_plus', role: 'top', patch: '7' } 2025-06-26T15:12:08.713Z
{ rank: 'emerald_plus', role: 'jungle', patch: '15.13.1' } 2025-06-26T15:12:08.778Z
{ rank: 'emerald_plus', role: 'jungle', patch: '7' } 2025-06-26T15:12:08.852Z
{ rank: 'emerald_plus', role: 'middle', patch: '15.13.1' } 2025-06-26T15:12:08.917Z
{ rank: 'emerald_plus', role: 'middle', patch: '7' } 2025-06-26T15:12:08.981Z
{ rank: 'emerald_plus', role: 'bottom', patch: '15.13.1' } 2025-06-26T15:12:09.045Z
{ rank: 'emerald_plus', role: 'bottom', patch: '7' } 2025-06-26T15:12:09.109Z
{ rank: 'emerald_plus', role: 'support', patch: '15.13.1' } 2025-06-26T15:12:09.174Z
{ rank: 'emerald_plus', role: 'support', patch: '7' } 2025-06-26T15:12:09.239Z
{ rank: 'silver', role: 'top', patch: '15.13.1' } 2025-06-26T15:12:09.303Z
{ rank: 'silver', role: 'top', patch: '7' } 2025-06-26T15:12:09.354Z
{ rank: 'silver', role: 'jungle', patch: '15.13.1' } 2025-06-26T15:12:09.406Z
{ rank: 'silver', role: 'jungle', patch: '7' } 2025-06-26T15:12:09.461Z
{ rank: 'silver', role: 'middle', patch: '15.13.1' } 2025-06-26T15:12:09.516Z
{ rank: 'silver', role: 'middle', patch: '7' } 2025-06-26T15:12:09.570Z
{ rank: 'silver', role: 'bottom', patch: '15.13.1' } 2025-06-26T15:12:09.624Z
{ rank: 'silver', role: 'bottom', patch: '7' } 2025-06-26T15:12:09.679Z
{ rank: 'silver', role: 'support', patch: '15.13.1' } 2025-06-26T15:12:09.734Z
{ rank: 'silver', role: 'support', patch: '7' } 2025-06-26T15:12:09.789Z
Starting with new group... 2025-06-26T15:12:10.854Z
{ rank: 'challenger', role: 'top', patch: '15.13.1' } 2025-06-26T15:12:10.854Z
{ rank: 'challenger', role: 'top', patch: '7' } 2025-06-26T15:12:10.905Z
{ rank: 'challenger', role: 'jungle', patch: '15.13.1' } 2025-06-26T15:12:10.972Z
{ rank: 'challenger', role: 'jungle', patch: '7' } 2025-06-26T15:12:11.033Z
{ rank: 'challenger', role: 'middle', patch: '15.13.1' } 2025-06-26T15:12:11.096Z
{ rank: 'challenger', role: 'middle', patch: '7' } 2025-06-26T15:12:11.155Z
{ rank: 'challenger', role: 'bottom', patch: '15.13.1' } 2025-06-26T15:12:11.219Z
{ rank: 'challenger', role: 'bottom', patch: '7' } 2025-06-26T15:12:11.283Z
{ rank: 'challenger', role: 'support', patch: '15.13.1' } 2025-06-26T15:12:11.348Z
{ rank: 'challenger', role: 'support', patch: '7' } 2025-06-26T15:12:11.399Z
{ rank: 'diamond', role: 'top', patch: '15.13.1' } 2025-06-26T15:12:11.456Z
{ rank: 'diamond', role: 'top', patch: '7' } 2025-06-26T15:12:11.511Z
{ rank: 'diamond', role: 'jungle', patch: '15.13.1' } 2025-06-26T15:12:11.567Z
{ rank: 'diamond', role: 'jungle', patch: '7' } 2025-06-26T15:12:11.632Z
{ rank: 'diamond', role: 'middle', patch: '15.13.1' } 2025-06-26T15:12:11.693Z
{ rank: 'diamond', role: 'middle', patch: '7' } 2025-06-26T15:12:11.758Z
{ rank: 'diamond', role: 'bottom', patch: '15.13.1' } 2025-06-26T15:12:11.822Z
{ rank: 'diamond', role: 'bottom', patch: '7' } 2025-06-26T15:12:11.886Z
{ rank: 'diamond', role: 'support', patch: '15.13.1' } 2025-06-26T15:12:11.949Z
{ rank: 'diamond', role: 'support', patch: '7' } 2025-06-26T15:12:12.012Z
{ rank: 'iron', role: 'top', patch: '15.13.1' } 2025-06-26T15:12:12.076Z
{ rank: 'iron', role: 'top', patch: '7' } 2025-06-26T15:12:12.141Z
{ rank: 'iron', role: 'jungle', patch: '15.13.1' } 2025-06-26T15:12:12.205Z
{ rank: 'iron', role: 'jungle', patch: '7' } 2025-06-26T15:12:12.270Z
{ rank: 'iron', role: 'middle', patch: '15.13.1' } 2025-06-26T15:12:12.334Z
{ rank: 'iron', role: 'middle', patch: '7' } 2025-06-26T15:12:12.398Z
{ rank: 'iron', role: 'bottom', patch: '15.13.1' } 2025-06-26T15:12:12.461Z
{ rank: 'iron', role: 'bottom', patch: '7' } 2025-06-26T15:12:12.516Z
{ rank: 'iron', role: 'support', patch: '15.13.1' } 2025-06-26T15:12:12.578Z
{ rank: 'iron', role: 'support', patch: '7' } 2025-06-26T15:12:12.643Z
Starting with new group... 2025-06-26T15:12:13.703Z
{ rank: 'unranked', role: 'top', patch: '15.13.1' } 2025-06-26T15:12:13.704Z
{ rank: 'unranked', role: 'top', patch: '7' } 2025-06-26T15:12:13.766Z
{ rank: 'unranked', role: 'jungle', patch: '15.13.1' } 2025-06-26T15:12:13.830Z
{ rank: 'unranked', role: 'jungle', patch: '7' } 2025-06-26T15:12:13.894Z
{ rank: 'unranked', role: 'middle', patch: '15.13.1' } 2025-06-26T15:12:13.958Z
{ rank: 'unranked', role: 'middle', patch: '7' } 2025-06-26T15:12:14.023Z
{ rank: 'unranked', role: 'bottom', patch: '15.13.1' } 2025-06-26T15:12:14.084Z
{ rank: 'unranked', role: 'bottom', patch: '7' } 2025-06-26T15:12:14.140Z
{ rank: 'unranked', role: 'support', patch: '15.13.1' } 2025-06-26T15:12:14.191Z
{ rank: 'unranked', role: 'support', patch: '7' } 2025-06-26T15:12:14.257Z
{ rank: 'grandmaster_plus', role: 'top', patch: '15.13.1' } 2025-06-26T15:12:14.321Z
{ rank: 'grandmaster_plus', role: 'top', patch: '7' } 2025-06-26T15:12:14.382Z
{ rank: 'grandmaster_plus', role: 'jungle', patch: '15.13.1' } 2025-06-26T15:12:14.444Z
{ rank: 'grandmaster_plus', role: 'jungle', patch: '7' } 2025-06-26T15:12:14.506Z
{ rank: 'grandmaster_plus', role: 'middle', patch: '15.13.1' } 2025-06-26T15:12:14.569Z
{ rank: 'grandmaster_plus', role: 'middle', patch: '7' } 2025-06-26T15:12:14.632Z
{ rank: 'grandmaster_plus', role: 'bottom', patch: '15.13.1' } 2025-06-26T15:12:14.694Z
{ rank: 'grandmaster_plus', role: 'bottom', patch: '7' } 2025-06-26T15:12:14.758Z
{ rank: 'grandmaster_plus', role: 'support', patch: '15.13.1' } 2025-06-26T15:12:14.820Z
{ rank: 'grandmaster_plus', role: 'support', patch: '7' } 2025-06-26T15:12:14.883Z
Starting with new group... 2025-06-26T15:12:15.949Z
{ rank: 'd2_plus', role: 'top', patch: '15.13.1' } 2025-06-26T15:12:15.949Z
{ rank: 'd2_plus', role: 'top', patch: '7' } 2025-06-26T15:12:16.013Z
{ rank: 'd2_plus', role: 'jungle', patch: '15.13.1' } 2025-06-26T15:12:16.073Z
{ rank: 'd2_plus', role: 'jungle', patch: '7' } 2025-06-26T15:12:16.137Z
{ rank: 'd2_plus', role: 'middle', patch: '15.13.1' } 2025-06-26T15:12:16.202Z
{ rank: 'd2_plus', role: 'middle', patch: '7' } 2025-06-26T15:12:16.261Z
{ rank: 'd2_plus', role: 'bottom', patch: '15.13.1' } 2025-06-26T15:12:16.327Z
{ rank: 'd2_plus', role: 'bottom', patch: '7' } 2025-06-26T15:12:16.386Z
{ rank: 'd2_plus', role: 'support', patch: '15.13.1' } 2025-06-26T15:12:16.451Z
{ rank: 'd2_plus', role: 'support', patch: '7' } 2025-06-26T15:12:16.515Z
{ rank: 'gold_plus', role: 'top', patch: '15.13.1' } 2025-06-26T15:12:16.578Z
{ rank: 'gold_plus', role: 'top', patch: '7' } 2025-06-26T15:12:16.642Z
{ rank: 'gold_plus', role: 'jungle', patch: '15.13.1' } 2025-06-26T15:12:16.706Z
{ rank: 'gold_plus', role: 'jungle', patch: '7' } 2025-06-26T15:12:16.768Z
{ rank: 'gold_plus', role: 'middle', patch: '15.13.1' } 2025-06-26T15:12:16.832Z
{ rank: 'gold_plus', role: 'middle', patch: '7' } 2025-06-26T15:12:16.895Z
{ rank: 'gold_plus', role: 'bottom', patch: '15.13.1' } 2025-06-26T15:12:16.953Z
{ rank: 'gold_plus', role: 'bottom', patch: '7' } 2025-06-26T15:12:17.014Z
{ rank: 'gold_plus', role: 'support', patch: '15.13.1' } 2025-06-26T15:12:17.073Z
{ rank: 'gold_plus', role: 'support', patch: '7' } 2025-06-26T15:12:17.137Z
{ rank: 'platinum_plus', role: 'top', patch: '15.13.1' } 2025-06-26T15:12:17.203Z
{ rank: 'platinum_plus', role: 'top', patch: '7' } 2025-06-26T15:12:17.265Z
{ rank: 'platinum_plus', role: 'jungle', patch: '15.13.1' } 2025-06-26T15:12:17.323Z
{ rank: 'platinum_plus', role: 'jungle', patch: '7' } 2025-06-26T15:12:17.387Z
{ rank: 'platinum_plus', role: 'middle', patch: '15.13.1' } 2025-06-26T15:12:17.443Z
{ rank: 'platinum_plus', role: 'middle', patch: '7' } 2025-06-26T15:12:17.494Z
{ rank: 'platinum_plus', role: 'bottom', patch: '15.13.1' } 2025-06-26T15:12:17.550Z
{ rank: 'platinum_plus', role: 'bottom', patch: '7' } 2025-06-26T15:12:17.613Z
{ rank: 'platinum_plus', role: 'support', patch: '15.13.1' } 2025-06-26T15:12:17.676Z
{ rank: 'platinum_plus', role: 'support', patch: '7' } 2025-06-26T15:12:17.741Z
{ rank: 'emerald', role: 'top', patch: '15.13.1' } 2025-06-26T15:12:17.794Z
{ rank: 'emerald', role: 'top', patch: '7' } 2025-06-26T15:12:17.848Z
{ rank: 'emerald', role: 'jungle', patch: '15.13.1' } 2025-06-26T15:12:17.901Z
{ rank: 'emerald', role: 'jungle', patch: '7' } 2025-06-26T15:12:17.964Z
{ rank: 'emerald', role: 'middle', patch: '15.13.1' } 2025-06-26T15:12:18.017Z
{ rank: 'emerald', role: 'middle', patch: '7' } 2025-06-26T15:12:18.075Z
{ rank: 'emerald', role: 'bottom', patch: '15.13.1' } 2025-06-26T15:12:18.129Z
{ rank: 'emerald', role: 'bottom', patch: '7' } 2025-06-26T15:12:18.184Z
{ rank: 'emerald', role: 'support', patch: '15.13.1' } 2025-06-26T15:12:18.238Z
{ rank: 'emerald', role: 'support', patch: '7' } 2025-06-26T15:12:18.301Z
Starting with new group... 2025-06-26T15:12:19.369Z
{ rank: 'grandmaster', role: 'top', patch: '15.13.1' } 2025-06-26T15:12:19.370Z
{ rank: 'grandmaster', role: 'top', patch: '7' } 2025-06-26T15:12:19.421Z
{ rank: 'grandmaster', role: 'jungle', patch: '15.13.1' } 2025-06-26T15:12:19.478Z
{ rank: 'grandmaster', role: 'jungle', patch: '7' } 2025-06-26T15:12:19.530Z
{ rank: 'grandmaster', role: 'middle', patch: '15.13.1' } 2025-06-26T15:12:19.590Z
{ rank: 'grandmaster', role: 'middle', patch: '7' } 2025-06-26T15:12:19.653Z
{ rank: 'grandmaster', role: 'bottom', patch: '15.13.1' } 2025-06-26T15:12:19.717Z
{ rank: 'grandmaster', role: 'bottom', patch: '7' } 2025-06-26T15:12:19.771Z
{ rank: 'grandmaster', role: 'support', patch: '15.13.1' } 2025-06-26T15:12:19.837Z
{ rank: 'grandmaster', role: 'support', patch: '7' } 2025-06-26T15:12:19.888Z
{ rank: 'bronze', role: 'top', patch: '15.13.1' } 2025-06-26T15:12:19.951Z
{ rank: 'bronze', role: 'top', patch: '7' } 2025-06-26T15:12:20.015Z
{ rank: 'bronze', role: 'jungle', patch: '15.13.1' } 2025-06-26T15:12:20.070Z
{ rank: 'bronze', role: 'jungle', patch: '7' } 2025-06-26T15:12:20.123Z
{ rank: 'bronze', role: 'middle', patch: '15.13.1' } 2025-06-26T15:12:20.185Z
{ rank: 'bronze', role: 'middle', patch: '7' } 2025-06-26T15:12:20.249Z
{ rank: 'bronze', role: 'bottom', patch: '15.13.1' } 2025-06-26T15:12:20.312Z
{ rank: 'bronze', role: 'bottom', patch: '7' } 2025-06-26T15:12:20.374Z
{ rank: 'bronze', role: 'support', patch: '15.13.1' } 2025-06-26T15:12:20.428Z
{ rank: 'bronze', role: 'support', patch: '7' } 2025-06-26T15:12:20.485Z
Starting with new group... 2025-06-26T15:12:21.563Z
{ rank: 'gold', role: 'top', patch: '15.13.1' } 2025-06-26T15:12:21.564Z
{ rank: 'gold', role: 'top', patch: '7' } 2025-06-26T15:12:21.616Z
{ rank: 'gold', role: 'jungle', patch: '15.13.1' } 2025-06-26T15:12:21.666Z
{ rank: 'gold', role: 'jungle', patch: '7' } 2025-06-26T15:12:21.720Z
{ rank: 'gold', role: 'middle', patch: '15.13.1' } 2025-06-26T15:12:21.775Z
{ rank: 'gold', role: 'middle', patch: '7' } 2025-06-26T15:12:21.829Z
{ rank: 'gold', role: 'bottom', patch: '15.13.1' } 2025-06-26T15:12:21.881Z
{ rank: 'gold', role: 'bottom', patch: '7' } 2025-06-26T15:12:21.939Z
{ rank: 'gold', role: 'support', patch: '15.13.1' } 2025-06-26T15:12:21.993Z
{ rank: 'gold', role: 'support', patch: '7' } 2025-06-26T15:12:22.052Z
{ rank: 'platinum', role: 'top', patch: '15.13.1' } 2025-06-26T15:12:22.126Z
{ rank: 'platinum', role: 'top', patch: '7' } 2025-06-26T15:12:22.186Z
{ rank: 'platinum', role: 'jungle', patch: '15.13.1' } 2025-06-26T15:12:22.244Z
{ rank: 'platinum', role: 'jungle', patch: '7' } 2025-06-26T15:12:22.306Z
{ rank: 'platinum', role: 'middle', patch: '15.13.1' } 2025-06-26T15:12:22.373Z
{ rank: 'platinum', role: 'middle', patch: '7' } 2025-06-26T15:12:22.433Z
{ rank: 'platinum', role: 'bottom', patch: '15.13.1' } 2025-06-26T15:12:22.496Z
{ rank: 'platinum', role: 'bottom', patch: '7' } 2025-06-26T15:12:22.549Z
{ rank: 'platinum', role: 'support', patch: '15.13.1' } 2025-06-26T15:12:22.608Z
{ rank: 'platinum', role: 'support', patch: '7' } 2025-06-26T15:12:22.660Z
Starting with new group... 2025-06-26T15:12:23.727Z
{ rank: 'master', role: 'top', patch: '15.13.1' } 2025-06-26T15:12:23.727Z
{ rank: 'master', role: 'top', patch: '7' } 2025-06-26T15:12:23.790Z
{ rank: 'master', role: 'jungle', patch: '15.13.1' } 2025-06-26T15:12:23.853Z
{ rank: 'master', role: 'jungle', patch: '7' } 2025-06-26T15:12:23.916Z
{ rank: 'master', role: 'middle', patch: '15.13.1' } 2025-06-26T15:12:23.978Z
{ rank: 'master', role: 'middle', patch: '7' } 2025-06-26T15:12:24.039Z
{ rank: 'master', role: 'bottom', patch: '15.13.1' } 2025-06-26T15:12:24.102Z
{ rank: 'master', role: 'bottom', patch: '7' } 2025-06-26T15:12:24.165Z
{ rank: 'master', role: 'support', patch: '15.13.1' } 2025-06-26T15:12:24.226Z
{ rank: 'master', role: 'support', patch: '7' } 2025-06-26T15:12:24.288Z
{ rank: 'diamond_plus', role: 'top', patch: '15.13.1' } 2025-06-26T15:12:24.350Z
{ rank: 'diamond_plus', role: 'top', patch: '7' } 2025-06-26T15:12:24.411Z
{ rank: 'diamond_plus', role: 'jungle', patch: '15.13.1' } 2025-06-26T15:12:24.473Z
{ rank: 'diamond_plus', role: 'jungle', patch: '7' } 2025-06-26T15:12:24.535Z
{ rank: 'diamond_plus', role: 'middle', patch: '15.13.1' } 2025-06-26T15:12:24.597Z
{ rank: 'diamond_plus', role: 'middle', patch: '7' } 2025-06-26T15:12:24.652Z
{ rank: 'diamond_plus', role: 'bottom', patch: '15.13.1' } 2025-06-26T15:12:24.715Z
{ rank: 'diamond_plus', role: 'bottom', patch: '7' } 2025-06-26T15:12:24.780Z
{ rank: 'diamond_plus', role: 'support', patch: '15.13.1' } 2025-06-26T15:12:24.844Z
{ rank: 'diamond_plus', role: 'support', patch: '7' } 2025-06-26T15:12:24.908Z
